<?xml version="1.0" encoding="UTF-8"?>
<!-- Generated by org.testng.reporters.JUnitReportReporter -->
<testsuite hostname="LAPTOP-AT3C0P3H" failures="0" tests="1" name="com.git.test.GitTest" time="0.020" errors="0" timestamp="21 Jul 2021 21:42:23 GMT" skipped="0">
  <testcase classname="com.git.test.GitTest" name="test1" time="0.020"/>
</testsuite> <!-- com.git.test.GitTest -->
