<?xml version="1.0" encoding="UTF-8"?>
<!-- Generated by org.testng.reporters.JUnitReportReporter -->
<testsuite hostname="LAPTOP-AT3C0P3H" failures="0" tests="1" name="com.git.tests123.GitTest" time="0.009" errors="0" timestamp="22 Jul 2021 18:47:28 GMT" skipped="0">
  <testcase classname="com.git.tests123.GitTest" name="gitTest2_method1" time="0.009"/>
</testsuite> <!-- com.git.tests123.GitTest -->
