<?xml version="1.0" encoding="UTF-8"?>
<!-- Generated by org.testng.reporters.JUnitReportReporter -->
<testsuite hostname="LAPTOP-AT3C0P3H" failures="0" tests="1" name="com.git.tests123.GitTest2_WithinMainTest" time="0.001" errors="0" timestamp="22 Jul 2021 18:47:28 GMT" skipped="0">
  <testcase classname="com.git.tests123.GitTest2_WithinMainTest" name="GitTest2_WithinMain_method1" time="0.001"/>
</testsuite> <!-- com.git.tests123.GitTest2_WithinMainTest -->
